<?xml version="1.0" encoding="UTF-8"?>
<!-- Generated by org.testng.reporters.JUnitReportReporter -->
<testsuite hostname="Admin-PC" name="popsocketsautomation.popsocketLogin" tests="1" failures="0" timestamp="26 Jun 2018 08:39:23 GMT" time="28.973" errors="0">
  <testcase name="Login" time="28.973" classname="popsocketsautomation.popsocketLogin"/>
</testsuite> <!-- popsocketsautomation.popsocketLogin -->
