<?xml version="1.0" encoding="UTF-8"?>
<!-- Generated by org.testng.reporters.JUnitReportReporter -->
<testsuite hostname="Admin-PC" name="popsocketsautomation.popsocketLogin1" tests="1" failures="0" timestamp="18 Jan 2018 14:16:27 GMT" time="45.620" errors="0">
  <testcase name="Login" time="45.620" classname="popsocketsautomation.popsocketLogin1"/>
</testsuite> <!-- popsocketsautomation.popsocketLogin1 -->
